2020-04-24 17:09:07 DEBUG AnnotationConfigApplicationContext:594 - Refreshing org.springframework.context.annotation.AnnotationConfigApplicationContext@726f3b58
2020-04-24 17:09:07 DEBUG DefaultListableBeanFactory:213 - Creating shared instance of singleton bean 'org.springframework.context.annotation.internalConfigurationAnnotationProcessor'
2020-04-24 17:09:07 DEBUG ClassPathBeanDefinitionScanner:437 - Identified candidate component class: file [E:\capgemini\module3-program\spring\spring-core\labbook-spring\lab1.3\emp\target\classes\com\cg\Employee.class]
2020-04-24 17:09:07 DEBUG ClassPathBeanDefinitionScanner:437 - Identified candidate component class: file [E:\capgemini\module3-program\spring\spring-core\labbook-spring\lab1.3\emp\target\classes\com\cg\SBU.class]
2020-04-24 17:09:07 DEBUG DefaultListableBeanFactory:213 - Creating shared instance of singleton bean 'org.springframework.context.event.internalEventListenerProcessor'
2020-04-24 17:09:07 DEBUG DefaultListableBeanFactory:213 - Creating shared instance of singleton bean 'org.springframework.context.event.internalEventListenerFactory'
2020-04-24 17:09:07 DEBUG DefaultListableBeanFactory:213 - Creating shared instance of singleton bean 'org.springframework.context.annotation.internalAutowiredAnnotationProcessor'
2020-04-24 17:09:07 DEBUG DefaultListableBeanFactory:213 - Creating shared instance of singleton bean 'org.springframework.context.annotation.internalCommonAnnotationProcessor'
2020-04-24 17:09:07 DEBUG DefaultListableBeanFactory:213 - Creating shared instance of singleton bean 'javaConfig'
2020-04-24 17:09:07 DEBUG DefaultListableBeanFactory:213 - Creating shared instance of singleton bean 'employee'
2020-04-24 17:09:07 DEBUG PropertySourcesPropertyResolver:115 - Found key 'empId' in PropertySource 'class path resource [emp.properties]' with value of type String
2020-04-24 17:09:07 DEBUG PropertySourcesPropertyResolver:115 - Found key 'empName' in PropertySource 'class path resource [emp.properties]' with value of type String
2020-04-24 17:09:07 DEBUG PropertySourcesPropertyResolver:115 - Found key 'empSalary' in PropertySource 'class path resource [emp.properties]' with value of type String
2020-04-24 17:09:07 DEBUG PropertySourcesPropertyResolver:115 - Found key 'empAge' in PropertySource 'class path resource [emp.properties]' with value of type String
2020-04-24 17:09:07 DEBUG DefaultListableBeanFactory:213 - Creating shared instance of singleton bean 'SBU'
2020-04-24 17:09:07 DEBUG PropertySourcesPropertyResolver:115 - Found key 'subId' in PropertySource 'class path resource [emp.properties]' with value of type String
2020-04-24 17:09:07 DEBUG PropertySourcesPropertyResolver:115 - Found key 'subName' in PropertySource 'class path resource [emp.properties]' with value of type String
2020-04-24 17:09:07 DEBUG PropertySourcesPropertyResolver:115 - Found key 'subHead' in PropertySource 'class path resource [emp.properties]' with value of type String
2020-04-24 17:27:29 DEBUG AnnotationConfigApplicationContext:594 - Refreshing org.springframework.context.annotation.AnnotationConfigApplicationContext@726f3b58
2020-04-24 17:27:29 DEBUG DefaultListableBeanFactory:213 - Creating shared instance of singleton bean 'org.springframework.context.annotation.internalConfigurationAnnotationProcessor'
2020-04-24 17:27:29 DEBUG ClassPathBeanDefinitionScanner:437 - Identified candidate component class: file [E:\capgemini\module3-program\spring\spring-core\labbook-spring\lab1.3\emp\target\classes\com\cg\Employee.class]
2020-04-24 17:27:29 DEBUG ClassPathBeanDefinitionScanner:437 - Identified candidate component class: file [E:\capgemini\module3-program\spring\spring-core\labbook-spring\lab1.3\emp\target\classes\com\cg\SBU.class]
2020-04-24 17:27:29 DEBUG DefaultListableBeanFactory:213 - Creating shared instance of singleton bean 'org.springframework.context.event.internalEventListenerProcessor'
2020-04-24 17:27:29 DEBUG DefaultListableBeanFactory:213 - Creating shared instance of singleton bean 'org.springframework.context.event.internalEventListenerFactory'
2020-04-24 17:27:29 DEBUG DefaultListableBeanFactory:213 - Creating shared instance of singleton bean 'org.springframework.context.annotation.internalAutowiredAnnotationProcessor'
2020-04-24 17:27:29 DEBUG DefaultListableBeanFactory:213 - Creating shared instance of singleton bean 'org.springframework.context.annotation.internalCommonAnnotationProcessor'
2020-04-24 17:27:29 DEBUG DefaultListableBeanFactory:213 - Creating shared instance of singleton bean 'javaConfig'
2020-04-24 17:27:29 DEBUG DefaultListableBeanFactory:213 - Creating shared instance of singleton bean 'employee'
2020-04-24 17:27:29 DEBUG PropertySourcesPropertyResolver:115 - Found key 'empId' in PropertySource 'class path resource [emp.properties]' with value of type String
2020-04-24 17:27:29 DEBUG PropertySourcesPropertyResolver:115 - Found key 'empName' in PropertySource 'class path resource [emp.properties]' with value of type String
2020-04-24 17:27:29 DEBUG PropertySourcesPropertyResolver:115 - Found key 'empSalary' in PropertySource 'class path resource [emp.properties]' with value of type String
2020-04-24 17:27:29 DEBUG PropertySourcesPropertyResolver:115 - Found key 'empAge' in PropertySource 'class path resource [emp.properties]' with value of type String
2020-04-24 17:27:29 DEBUG DefaultListableBeanFactory:213 - Creating shared instance of singleton bean 'SBU'
2020-04-24 17:27:29 DEBUG PropertySourcesPropertyResolver:115 - Found key 'subId' in PropertySource 'class path resource [emp.properties]' with value of type String
2020-04-24 17:27:29 DEBUG PropertySourcesPropertyResolver:115 - Found key 'subName' in PropertySource 'class path resource [emp.properties]' with value of type String
2020-04-24 17:27:29 DEBUG PropertySourcesPropertyResolver:115 - Found key 'subHead' in PropertySource 'class path resource [emp.properties]' with value of type String
2020-04-24 17:27:29 DEBUG DefaultListableBeanFactory:213 - Creating shared instance of singleton bean 'sbu'
2020-04-24 17:27:29 WARN  AnnotationConfigApplicationContext:557 - Exception encountered during context initialization - cancelling refresh attempt: org.springframework.beans.factory.BeanCreationException: Error creating bean with name 'sbu' defined in com.cg.JavaConfig: Bean instantiation via factory method failed; nested exception is org.springframework.beans.BeanInstantiationException: Failed to instantiate [com.cg.SBU]: Factory method 'sbu' threw exception; nested exception is java.lang.NullPointerException
2020-04-24 17:34:29 DEBUG AnnotationConfigApplicationContext:594 - Refreshing org.springframework.context.annotation.AnnotationConfigApplicationContext@726f3b58
2020-04-24 17:34:29 DEBUG DefaultListableBeanFactory:213 - Creating shared instance of singleton bean 'org.springframework.context.annotation.internalConfigurationAnnotationProcessor'
2020-04-24 17:34:29 DEBUG ClassPathBeanDefinitionScanner:437 - Identified candidate component class: file [E:\capgemini\module3-program\spring\spring-core\labbook-spring\lab1.3\emp\target\classes\com\cg\Employee.class]
2020-04-24 17:34:29 DEBUG ClassPathBeanDefinitionScanner:437 - Identified candidate component class: file [E:\capgemini\module3-program\spring\spring-core\labbook-spring\lab1.3\emp\target\classes\com\cg\SBU.class]
2020-04-24 17:34:29 DEBUG DefaultListableBeanFactory:213 - Creating shared instance of singleton bean 'org.springframework.context.event.internalEventListenerProcessor'
2020-04-24 17:34:29 DEBUG DefaultListableBeanFactory:213 - Creating shared instance of singleton bean 'org.springframework.context.event.internalEventListenerFactory'
2020-04-24 17:34:29 DEBUG DefaultListableBeanFactory:213 - Creating shared instance of singleton bean 'org.springframework.context.annotation.internalAutowiredAnnotationProcessor'
2020-04-24 17:34:29 DEBUG DefaultListableBeanFactory:213 - Creating shared instance of singleton bean 'org.springframework.context.annotation.internalCommonAnnotationProcessor'
2020-04-24 17:34:29 DEBUG DefaultListableBeanFactory:213 - Creating shared instance of singleton bean 'javaConfig'
2020-04-24 17:34:29 DEBUG DefaultListableBeanFactory:213 - Creating shared instance of singleton bean 'employee'
2020-04-24 17:34:29 DEBUG PropertySourcesPropertyResolver:115 - Found key 'empId' in PropertySource 'class path resource [emp.properties]' with value of type String
2020-04-24 17:34:29 DEBUG PropertySourcesPropertyResolver:115 - Found key 'empName' in PropertySource 'class path resource [emp.properties]' with value of type String
2020-04-24 17:34:29 DEBUG PropertySourcesPropertyResolver:115 - Found key 'empSalary' in PropertySource 'class path resource [emp.properties]' with value of type String
2020-04-24 17:34:29 DEBUG PropertySourcesPropertyResolver:115 - Found key 'empAge' in PropertySource 'class path resource [emp.properties]' with value of type String
2020-04-24 17:34:29 DEBUG DefaultListableBeanFactory:213 - Creating shared instance of singleton bean 'SBU'
2020-04-24 17:34:29 DEBUG PropertySourcesPropertyResolver:115 - Found key 'subId' in PropertySource 'class path resource [emp.properties]' with value of type String
2020-04-24 17:34:29 DEBUG PropertySourcesPropertyResolver:115 - Found key 'subName' in PropertySource 'class path resource [emp.properties]' with value of type String
2020-04-24 17:34:29 DEBUG PropertySourcesPropertyResolver:115 - Found key 'subHead' in PropertySource 'class path resource [emp.properties]' with value of type String
2020-04-24 17:34:29 DEBUG DefaultListableBeanFactory:213 - Creating shared instance of singleton bean 'sbu'
2020-04-24 17:34:29 DEBUG PropertySourcesPropertyResolver:115 - Found key 'subId' in PropertySource 'class path resource [emp.properties]' with value of type String
2020-04-24 17:34:29 DEBUG PropertySourcesPropertyResolver:115 - Found key 'subName' in PropertySource 'class path resource [emp.properties]' with value of type String
2020-04-24 17:34:29 DEBUG PropertySourcesPropertyResolver:115 - Found key 'subHead' in PropertySource 'class path resource [emp.properties]' with value of type String
2020-04-24 17:36:59 DEBUG AnnotationConfigApplicationContext:594 - Refreshing org.springframework.context.annotation.AnnotationConfigApplicationContext@726f3b58
2020-04-24 17:36:59 DEBUG DefaultListableBeanFactory:213 - Creating shared instance of singleton bean 'org.springframework.context.annotation.internalConfigurationAnnotationProcessor'
2020-04-24 17:36:59 DEBUG ClassPathBeanDefinitionScanner:437 - Identified candidate component class: file [E:\capgemini\module3-program\spring\spring-core\labbook-spring\lab1.3\emp\target\classes\com\cg\Employee.class]
2020-04-24 17:36:59 DEBUG ClassPathBeanDefinitionScanner:437 - Identified candidate component class: file [E:\capgemini\module3-program\spring\spring-core\labbook-spring\lab1.3\emp\target\classes\com\cg\SBU.class]
2020-04-24 17:36:59 DEBUG DefaultListableBeanFactory:213 - Creating shared instance of singleton bean 'org.springframework.context.event.internalEventListenerProcessor'
2020-04-24 17:36:59 DEBUG DefaultListableBeanFactory:213 - Creating shared instance of singleton bean 'org.springframework.context.event.internalEventListenerFactory'
2020-04-24 17:36:59 DEBUG DefaultListableBeanFactory:213 - Creating shared instance of singleton bean 'org.springframework.context.annotation.internalAutowiredAnnotationProcessor'
2020-04-24 17:36:59 DEBUG DefaultListableBeanFactory:213 - Creating shared instance of singleton bean 'org.springframework.context.annotation.internalCommonAnnotationProcessor'
2020-04-24 17:36:59 DEBUG DefaultListableBeanFactory:213 - Creating shared instance of singleton bean 'javaConfig'
2020-04-24 17:36:59 DEBUG DefaultListableBeanFactory:213 - Creating shared instance of singleton bean 'employee'
2020-04-24 17:36:59 DEBUG PropertySourcesPropertyResolver:115 - Found key 'empId' in PropertySource 'class path resource [emp.properties]' with value of type String
2020-04-24 17:36:59 DEBUG PropertySourcesPropertyResolver:115 - Found key 'empName' in PropertySource 'class path resource [emp.properties]' with value of type String
2020-04-24 17:36:59 DEBUG PropertySourcesPropertyResolver:115 - Found key 'empSalary' in PropertySource 'class path resource [emp.properties]' with value of type String
2020-04-24 17:36:59 DEBUG PropertySourcesPropertyResolver:115 - Found key 'empAge' in PropertySource 'class path resource [emp.properties]' with value of type String
2020-04-24 17:36:59 DEBUG DefaultListableBeanFactory:213 - Creating shared instance of singleton bean 'SBU'
2020-04-24 17:36:59 DEBUG PropertySourcesPropertyResolver:115 - Found key 'subId' in PropertySource 'class path resource [emp.properties]' with value of type String
2020-04-24 17:36:59 DEBUG PropertySourcesPropertyResolver:115 - Found key 'subName' in PropertySource 'class path resource [emp.properties]' with value of type String
2020-04-24 17:36:59 DEBUG PropertySourcesPropertyResolver:115 - Found key 'subHead' in PropertySource 'class path resource [emp.properties]' with value of type String
2020-04-24 17:36:59 DEBUG DefaultListableBeanFactory:213 - Creating shared instance of singleton bean 'sbu'
2020-04-24 17:36:59 DEBUG PropertySourcesPropertyResolver:115 - Found key 'subId' in PropertySource 'class path resource [emp.properties]' with value of type String
2020-04-24 17:36:59 DEBUG PropertySourcesPropertyResolver:115 - Found key 'subName' in PropertySource 'class path resource [emp.properties]' with value of type String
2020-04-24 17:36:59 DEBUG PropertySourcesPropertyResolver:115 - Found key 'subHead' in PropertySource 'class path resource [emp.properties]' with value of type String
2020-04-24 17:37:22 DEBUG AnnotationConfigApplicationContext:594 - Refreshing org.springframework.context.annotation.AnnotationConfigApplicationContext@726f3b58
2020-04-24 17:37:22 DEBUG DefaultListableBeanFactory:213 - Creating shared instance of singleton bean 'org.springframework.context.annotation.internalConfigurationAnnotationProcessor'
2020-04-24 17:37:22 DEBUG ClassPathBeanDefinitionScanner:437 - Identified candidate component class: file [E:\capgemini\module3-program\spring\spring-core\labbook-spring\lab1.3\emp\target\classes\com\cg\Employee.class]
2020-04-24 17:37:22 DEBUG ClassPathBeanDefinitionScanner:437 - Identified candidate component class: file [E:\capgemini\module3-program\spring\spring-core\labbook-spring\lab1.3\emp\target\classes\com\cg\SBU.class]
2020-04-24 17:37:22 DEBUG DefaultListableBeanFactory:213 - Creating shared instance of singleton bean 'org.springframework.context.event.internalEventListenerProcessor'
2020-04-24 17:37:22 DEBUG DefaultListableBeanFactory:213 - Creating shared instance of singleton bean 'org.springframework.context.event.internalEventListenerFactory'
2020-04-24 17:37:22 DEBUG DefaultListableBeanFactory:213 - Creating shared instance of singleton bean 'org.springframework.context.annotation.internalAutowiredAnnotationProcessor'
2020-04-24 17:37:22 DEBUG DefaultListableBeanFactory:213 - Creating shared instance of singleton bean 'org.springframework.context.annotation.internalCommonAnnotationProcessor'
2020-04-24 17:37:22 DEBUG DefaultListableBeanFactory:213 - Creating shared instance of singleton bean 'javaConfig'
2020-04-24 17:37:22 DEBUG DefaultListableBeanFactory:213 - Creating shared instance of singleton bean 'employee'
2020-04-24 17:37:22 DEBUG PropertySourcesPropertyResolver:115 - Found key 'empId' in PropertySource 'class path resource [emp.properties]' with value of type String
2020-04-24 17:37:22 DEBUG PropertySourcesPropertyResolver:115 - Found key 'empName' in PropertySource 'class path resource [emp.properties]' with value of type String
2020-04-24 17:37:22 DEBUG PropertySourcesPropertyResolver:115 - Found key 'empSalary' in PropertySource 'class path resource [emp.properties]' with value of type String
2020-04-24 17:37:22 DEBUG PropertySourcesPropertyResolver:115 - Found key 'empAge' in PropertySource 'class path resource [emp.properties]' with value of type String
2020-04-24 17:37:22 DEBUG DefaultListableBeanFactory:213 - Creating shared instance of singleton bean 'SBU'
2020-04-24 17:37:22 DEBUG PropertySourcesPropertyResolver:115 - Found key 'subId' in PropertySource 'class path resource [emp.properties]' with value of type String
2020-04-24 17:37:22 DEBUG PropertySourcesPropertyResolver:115 - Found key 'subName' in PropertySource 'class path resource [emp.properties]' with value of type String
2020-04-24 17:37:22 DEBUG PropertySourcesPropertyResolver:115 - Found key 'subHead' in PropertySource 'class path resource [emp.properties]' with value of type String
2020-04-24 17:37:22 DEBUG DefaultListableBeanFactory:213 - Creating shared instance of singleton bean 'sbu'
2020-04-24 17:37:22 DEBUG PropertySourcesPropertyResolver:115 - Found key 'subId' in PropertySource 'class path resource [emp.properties]' with value of type String
2020-04-24 17:37:22 DEBUG PropertySourcesPropertyResolver:115 - Found key 'subName' in PropertySource 'class path resource [emp.properties]' with value of type String
2020-04-24 17:37:22 DEBUG PropertySourcesPropertyResolver:115 - Found key 'subHead' in PropertySource 'class path resource [emp.properties]' with value of type String
2020-04-24 17:41:21 DEBUG AnnotationConfigApplicationContext:594 - Refreshing org.springframework.context.annotation.AnnotationConfigApplicationContext@726f3b58
2020-04-24 17:41:21 DEBUG DefaultListableBeanFactory:213 - Creating shared instance of singleton bean 'org.springframework.context.annotation.internalConfigurationAnnotationProcessor'
2020-04-24 17:41:21 DEBUG ClassPathBeanDefinitionScanner:437 - Identified candidate component class: file [E:\capgemini\module3-program\spring\spring-core\labbook-spring\lab1.3\emp\target\classes\com\cg\Employee.class]
2020-04-24 17:41:21 DEBUG ClassPathBeanDefinitionScanner:437 - Identified candidate component class: file [E:\capgemini\module3-program\spring\spring-core\labbook-spring\lab1.3\emp\target\classes\com\cg\SBU.class]
2020-04-24 17:41:22 DEBUG DefaultListableBeanFactory:213 - Creating shared instance of singleton bean 'org.springframework.context.event.internalEventListenerProcessor'
2020-04-24 17:41:22 DEBUG DefaultListableBeanFactory:213 - Creating shared instance of singleton bean 'org.springframework.context.event.internalEventListenerFactory'
2020-04-24 17:41:22 DEBUG DefaultListableBeanFactory:213 - Creating shared instance of singleton bean 'org.springframework.context.annotation.internalAutowiredAnnotationProcessor'
2020-04-24 17:41:22 DEBUG DefaultListableBeanFactory:213 - Creating shared instance of singleton bean 'org.springframework.context.annotation.internalCommonAnnotationProcessor'
2020-04-24 17:41:22 DEBUG DefaultListableBeanFactory:213 - Creating shared instance of singleton bean 'javaConfig'
2020-04-24 17:41:22 DEBUG DefaultListableBeanFactory:213 - Creating shared instance of singleton bean 'employee'
2020-04-24 17:41:22 DEBUG PropertySourcesPropertyResolver:115 - Found key 'empId' in PropertySource 'class path resource [emp.properties]' with value of type String
2020-04-24 17:41:22 DEBUG PropertySourcesPropertyResolver:115 - Found key 'empName' in PropertySource 'class path resource [emp.properties]' with value of type String
2020-04-24 17:41:22 DEBUG PropertySourcesPropertyResolver:115 - Found key 'empSalary' in PropertySource 'class path resource [emp.properties]' with value of type String
2020-04-24 17:41:22 DEBUG PropertySourcesPropertyResolver:115 - Found key 'empAge' in PropertySource 'class path resource [emp.properties]' with value of type String
2020-04-24 17:41:22 DEBUG DefaultListableBeanFactory:213 - Creating shared instance of singleton bean 'SBU'
2020-04-24 17:41:22 DEBUG PropertySourcesPropertyResolver:115 - Found key 'subId' in PropertySource 'class path resource [emp.properties]' with value of type String
2020-04-24 17:41:22 DEBUG PropertySourcesPropertyResolver:115 - Found key 'subName' in PropertySource 'class path resource [emp.properties]' with value of type String
2020-04-24 17:41:22 DEBUG PropertySourcesPropertyResolver:115 - Found key 'subHead' in PropertySource 'class path resource [emp.properties]' with value of type String
2020-04-24 17:41:22 DEBUG DefaultListableBeanFactory:213 - Creating shared instance of singleton bean 'sbu'
2020-04-24 17:41:22 DEBUG PropertySourcesPropertyResolver:115 - Found key 'subId' in PropertySource 'class path resource [emp.properties]' with value of type String
2020-04-24 17:41:22 DEBUG PropertySourcesPropertyResolver:115 - Found key 'subName' in PropertySource 'class path resource [emp.properties]' with value of type String
2020-04-24 17:41:22 DEBUG PropertySourcesPropertyResolver:115 - Found key 'subHead' in PropertySource 'class path resource [emp.properties]' with value of type String
2020-04-24 17:44:36 DEBUG AnnotationConfigApplicationContext:594 - Refreshing org.springframework.context.annotation.AnnotationConfigApplicationContext@726f3b58
2020-04-24 17:44:36 DEBUG DefaultListableBeanFactory:213 - Creating shared instance of singleton bean 'org.springframework.context.annotation.internalConfigurationAnnotationProcessor'
2020-04-24 17:44:36 DEBUG ClassPathBeanDefinitionScanner:437 - Identified candidate component class: file [E:\capgemini\module3-program\spring\spring-core\labbook-spring\lab1.3\emp\target\classes\com\cg\Employee.class]
2020-04-24 17:44:36 DEBUG ClassPathBeanDefinitionScanner:437 - Identified candidate component class: file [E:\capgemini\module3-program\spring\spring-core\labbook-spring\lab1.3\emp\target\classes\com\cg\SBU.class]
2020-04-24 17:44:36 DEBUG DefaultListableBeanFactory:213 - Creating shared instance of singleton bean 'org.springframework.context.event.internalEventListenerProcessor'
2020-04-24 17:44:36 DEBUG DefaultListableBeanFactory:213 - Creating shared instance of singleton bean 'org.springframework.context.event.internalEventListenerFactory'
2020-04-24 17:44:36 DEBUG DefaultListableBeanFactory:213 - Creating shared instance of singleton bean 'org.springframework.context.annotation.internalAutowiredAnnotationProcessor'
2020-04-24 17:44:36 DEBUG DefaultListableBeanFactory:213 - Creating shared instance of singleton bean 'org.springframework.context.annotation.internalCommonAnnotationProcessor'
2020-04-24 17:44:36 DEBUG DefaultListableBeanFactory:213 - Creating shared instance of singleton bean 'javaConfig'
2020-04-24 17:44:36 DEBUG DefaultListableBeanFactory:213 - Creating shared instance of singleton bean 'employee'
2020-04-24 17:44:36 DEBUG PropertySourcesPropertyResolver:115 - Found key 'empId' in PropertySource 'class path resource [emp.properties]' with value of type String
2020-04-24 17:44:36 DEBUG PropertySourcesPropertyResolver:115 - Found key 'empName' in PropertySource 'class path resource [emp.properties]' with value of type String
2020-04-24 17:44:36 DEBUG PropertySourcesPropertyResolver:115 - Found key 'empSalary' in PropertySource 'class path resource [emp.properties]' with value of type String
2020-04-24 17:44:36 DEBUG PropertySourcesPropertyResolver:115 - Found key 'empAge' in PropertySource 'class path resource [emp.properties]' with value of type String
2020-04-24 17:44:36 DEBUG DefaultListableBeanFactory:213 - Creating shared instance of singleton bean 'SBU'
2020-04-24 17:44:36 DEBUG PropertySourcesPropertyResolver:115 - Found key 'subId' in PropertySource 'class path resource [emp.properties]' with value of type String
2020-04-24 17:44:36 DEBUG PropertySourcesPropertyResolver:115 - Found key 'subName' in PropertySource 'class path resource [emp.properties]' with value of type String
2020-04-24 17:44:36 DEBUG PropertySourcesPropertyResolver:115 - Found key 'subHead' in PropertySource 'class path resource [emp.properties]' with value of type String
2020-04-24 17:44:36 DEBUG DefaultListableBeanFactory:213 - Creating shared instance of singleton bean 'sbu'
2020-04-24 17:44:36 DEBUG PropertySourcesPropertyResolver:115 - Found key 'subId' in PropertySource 'class path resource [emp.properties]' with value of type String
2020-04-24 17:44:36 DEBUG PropertySourcesPropertyResolver:115 - Found key 'subName' in PropertySource 'class path resource [emp.properties]' with value of type String
2020-04-24 17:44:36 DEBUG PropertySourcesPropertyResolver:115 - Found key 'subHead' in PropertySource 'class path resource [emp.properties]' with value of type String
2020-04-24 17:45:12 DEBUG AnnotationConfigApplicationContext:594 - Refreshing org.springframework.context.annotation.AnnotationConfigApplicationContext@726f3b58
2020-04-24 17:45:12 DEBUG DefaultListableBeanFactory:213 - Creating shared instance of singleton bean 'org.springframework.context.annotation.internalConfigurationAnnotationProcessor'
2020-04-24 17:45:13 DEBUG ClassPathBeanDefinitionScanner:437 - Identified candidate component class: file [E:\capgemini\module3-program\spring\spring-core\labbook-spring\lab1.3\emp\target\classes\com\cg\Employee.class]
2020-04-24 17:45:13 DEBUG ClassPathBeanDefinitionScanner:437 - Identified candidate component class: file [E:\capgemini\module3-program\spring\spring-core\labbook-spring\lab1.3\emp\target\classes\com\cg\SBU.class]
2020-04-24 17:45:13 DEBUG DefaultListableBeanFactory:909 - Overriding bean definition for bean 'SBU' with a different definition: replacing [Generic bean: class [com.cg.SBU]; scope=singleton; abstract=false; lazyInit=false; autowireMode=0; dependencyCheck=0; autowireCandidate=true; primary=false; factoryBeanName=null; factoryMethodName=null; initMethodName=null; destroyMethodName=null; defined in file [E:\capgemini\module3-program\spring\spring-core\labbook-spring\lab1.3\emp\target\classes\com\cg\SBU.class]] with [Root bean: class [null]; scope=; abstract=false; lazyInit=false; autowireMode=3; dependencyCheck=0; autowireCandidate=true; primary=false; factoryBeanName=javaConfig; factoryMethodName=SBU; initMethodName=null; destroyMethodName=(inferred); defined in com.cg.JavaConfig]
2020-04-24 17:45:13 DEBUG DefaultListableBeanFactory:213 - Creating shared instance of singleton bean 'org.springframework.context.event.internalEventListenerProcessor'
2020-04-24 17:45:13 DEBUG DefaultListableBeanFactory:213 - Creating shared instance of singleton bean 'org.springframework.context.event.internalEventListenerFactory'
2020-04-24 17:45:13 DEBUG DefaultListableBeanFactory:213 - Creating shared instance of singleton bean 'org.springframework.context.annotation.internalAutowiredAnnotationProcessor'
2020-04-24 17:45:13 DEBUG DefaultListableBeanFactory:213 - Creating shared instance of singleton bean 'org.springframework.context.annotation.internalCommonAnnotationProcessor'
2020-04-24 17:45:13 DEBUG DefaultListableBeanFactory:213 - Creating shared instance of singleton bean 'javaConfig'
2020-04-24 17:45:13 DEBUG DefaultListableBeanFactory:213 - Creating shared instance of singleton bean 'employee'
2020-04-24 17:45:13 DEBUG PropertySourcesPropertyResolver:115 - Found key 'empId' in PropertySource 'class path resource [emp.properties]' with value of type String
2020-04-24 17:45:13 DEBUG PropertySourcesPropertyResolver:115 - Found key 'empName' in PropertySource 'class path resource [emp.properties]' with value of type String
2020-04-24 17:45:13 DEBUG PropertySourcesPropertyResolver:115 - Found key 'empSalary' in PropertySource 'class path resource [emp.properties]' with value of type String
2020-04-24 17:45:13 DEBUG PropertySourcesPropertyResolver:115 - Found key 'empAge' in PropertySource 'class path resource [emp.properties]' with value of type String
2020-04-24 17:45:13 DEBUG DefaultListableBeanFactory:213 - Creating shared instance of singleton bean 'SBU'
2020-04-24 17:45:13 DEBUG PropertySourcesPropertyResolver:115 - Found key 'subId' in PropertySource 'class path resource [emp.properties]' with value of type String
2020-04-24 17:45:13 DEBUG PropertySourcesPropertyResolver:115 - Found key 'subName' in PropertySource 'class path resource [emp.properties]' with value of type String
2020-04-24 17:45:13 DEBUG PropertySourcesPropertyResolver:115 - Found key 'subHead' in PropertySource 'class path resource [emp.properties]' with value of type String
2020-04-24 17:45:30 DEBUG AnnotationConfigApplicationContext:594 - Refreshing org.springframework.context.annotation.AnnotationConfigApplicationContext@726f3b58
2020-04-24 17:45:30 DEBUG DefaultListableBeanFactory:213 - Creating shared instance of singleton bean 'org.springframework.context.annotation.internalConfigurationAnnotationProcessor'
2020-04-24 17:45:30 DEBUG ClassPathBeanDefinitionScanner:437 - Identified candidate component class: file [E:\capgemini\module3-program\spring\spring-core\labbook-spring\lab1.3\emp\target\classes\com\cg\Employee.class]
2020-04-24 17:45:30 DEBUG ClassPathBeanDefinitionScanner:437 - Identified candidate component class: file [E:\capgemini\module3-program\spring\spring-core\labbook-spring\lab1.3\emp\target\classes\com\cg\SBU.class]
2020-04-24 17:45:30 DEBUG DefaultListableBeanFactory:909 - Overriding bean definition for bean 'SBU' with a different definition: replacing [Generic bean: class [com.cg.SBU]; scope=singleton; abstract=false; lazyInit=false; autowireMode=0; dependencyCheck=0; autowireCandidate=true; primary=false; factoryBeanName=null; factoryMethodName=null; initMethodName=null; destroyMethodName=null; defined in file [E:\capgemini\module3-program\spring\spring-core\labbook-spring\lab1.3\emp\target\classes\com\cg\SBU.class]] with [Root bean: class [null]; scope=; abstract=false; lazyInit=false; autowireMode=3; dependencyCheck=0; autowireCandidate=true; primary=false; factoryBeanName=javaConfig; factoryMethodName=SBU; initMethodName=null; destroyMethodName=(inferred); defined in com.cg.JavaConfig]
2020-04-24 17:45:30 DEBUG DefaultListableBeanFactory:213 - Creating shared instance of singleton bean 'org.springframework.context.event.internalEventListenerProcessor'
2020-04-24 17:45:30 DEBUG DefaultListableBeanFactory:213 - Creating shared instance of singleton bean 'org.springframework.context.event.internalEventListenerFactory'
2020-04-24 17:45:30 DEBUG DefaultListableBeanFactory:213 - Creating shared instance of singleton bean 'org.springframework.context.annotation.internalAutowiredAnnotationProcessor'
2020-04-24 17:45:30 DEBUG DefaultListableBeanFactory:213 - Creating shared instance of singleton bean 'org.springframework.context.annotation.internalCommonAnnotationProcessor'
2020-04-24 17:45:30 DEBUG DefaultListableBeanFactory:213 - Creating shared instance of singleton bean 'javaConfig'
2020-04-24 17:45:30 DEBUG DefaultListableBeanFactory:213 - Creating shared instance of singleton bean 'employee'
2020-04-24 17:45:30 DEBUG PropertySourcesPropertyResolver:115 - Found key 'empId' in PropertySource 'class path resource [emp.properties]' with value of type String
2020-04-24 17:45:30 DEBUG PropertySourcesPropertyResolver:115 - Found key 'empName' in PropertySource 'class path resource [emp.properties]' with value of type String
2020-04-24 17:45:30 DEBUG PropertySourcesPropertyResolver:115 - Found key 'empSalary' in PropertySource 'class path resource [emp.properties]' with value of type String
2020-04-24 17:45:30 DEBUG PropertySourcesPropertyResolver:115 - Found key 'empAge' in PropertySource 'class path resource [emp.properties]' with value of type String
2020-04-24 17:45:30 DEBUG DefaultListableBeanFactory:213 - Creating shared instance of singleton bean 'SBU'
2020-04-24 17:45:30 DEBUG PropertySourcesPropertyResolver:115 - Found key 'subId' in PropertySource 'class path resource [emp.properties]' with value of type String
2020-04-24 17:45:30 DEBUG PropertySourcesPropertyResolver:115 - Found key 'subName' in PropertySource 'class path resource [emp.properties]' with value of type String
2020-04-24 17:45:30 DEBUG PropertySourcesPropertyResolver:115 - Found key 'subHead' in PropertySource 'class path resource [emp.properties]' with value of type String
2020-04-24 17:50:46 DEBUG AnnotationConfigApplicationContext:594 - Refreshing org.springframework.context.annotation.AnnotationConfigApplicationContext@726f3b58
2020-04-24 17:50:46 DEBUG DefaultListableBeanFactory:213 - Creating shared instance of singleton bean 'org.springframework.context.annotation.internalConfigurationAnnotationProcessor'
2020-04-24 17:50:46 DEBUG ClassPathBeanDefinitionScanner:437 - Identified candidate component class: file [E:\capgemini\module3-program\spring\spring-core\labbook-spring\lab1.3\emp\target\classes\com\cg\Employee.class]
2020-04-24 17:50:46 DEBUG ClassPathBeanDefinitionScanner:437 - Identified candidate component class: file [E:\capgemini\module3-program\spring\spring-core\labbook-spring\lab1.3\emp\target\classes\com\cg\SBU.class]
2020-04-24 17:50:46 DEBUG DefaultListableBeanFactory:909 - Overriding bean definition for bean 'SBU' with a different definition: replacing [Generic bean: class [com.cg.SBU]; scope=singleton; abstract=false; lazyInit=false; autowireMode=0; dependencyCheck=0; autowireCandidate=true; primary=false; factoryBeanName=null; factoryMethodName=null; initMethodName=null; destroyMethodName=null; defined in file [E:\capgemini\module3-program\spring\spring-core\labbook-spring\lab1.3\emp\target\classes\com\cg\SBU.class]] with [Root bean: class [null]; scope=; abstract=false; lazyInit=false; autowireMode=3; dependencyCheck=0; autowireCandidate=true; primary=false; factoryBeanName=javaConfig; factoryMethodName=SBU; initMethodName=null; destroyMethodName=(inferred); defined in com.cg.JavaConfig]
2020-04-24 17:50:46 DEBUG DefaultListableBeanFactory:213 - Creating shared instance of singleton bean 'org.springframework.context.event.internalEventListenerProcessor'
2020-04-24 17:50:46 DEBUG DefaultListableBeanFactory:213 - Creating shared instance of singleton bean 'org.springframework.context.event.internalEventListenerFactory'
2020-04-24 17:50:46 DEBUG DefaultListableBeanFactory:213 - Creating shared instance of singleton bean 'org.springframework.context.annotation.internalAutowiredAnnotationProcessor'
2020-04-24 17:50:46 DEBUG DefaultListableBeanFactory:213 - Creating shared instance of singleton bean 'org.springframework.context.annotation.internalCommonAnnotationProcessor'
2020-04-24 17:50:46 DEBUG DefaultListableBeanFactory:213 - Creating shared instance of singleton bean 'javaConfig'
2020-04-24 17:50:46 DEBUG DefaultListableBeanFactory:213 - Creating shared instance of singleton bean 'employee'
2020-04-24 17:50:46 DEBUG PropertySourcesPropertyResolver:115 - Found key 'empId' in PropertySource 'class path resource [emp.properties]' with value of type String
2020-04-24 17:50:46 DEBUG PropertySourcesPropertyResolver:115 - Found key 'empName' in PropertySource 'class path resource [emp.properties]' with value of type String
2020-04-24 17:50:46 DEBUG PropertySourcesPropertyResolver:115 - Found key 'empSalary' in PropertySource 'class path resource [emp.properties]' with value of type String
2020-04-24 17:50:46 DEBUG PropertySourcesPropertyResolver:115 - Found key 'empAge' in PropertySource 'class path resource [emp.properties]' with value of type String
2020-04-24 17:50:46 DEBUG DefaultListableBeanFactory:213 - Creating shared instance of singleton bean 'SBU'
2020-04-24 17:50:46 DEBUG PropertySourcesPropertyResolver:115 - Found key 'subId' in PropertySource 'class path resource [emp.properties]' with value of type String
2020-04-24 17:50:46 DEBUG PropertySourcesPropertyResolver:115 - Found key 'subName' in PropertySource 'class path resource [emp.properties]' with value of type String
2020-04-24 17:50:46 DEBUG PropertySourcesPropertyResolver:115 - Found key 'subHead' in PropertySource 'class path resource [emp.properties]' with value of type String
